Web data successfully fetched and saved to 11pcs-foodgrade-silicone-kitch_page.html
Parsed Data: Product: 11pcs-foodgrade-silicone-kitch, Price: RM7.90, Stock: 21, Category: Baking Tools
Manipulated Data: Product: 11pcs-foodgrade-silicone-kitch, Price: RM7.90, Stock: 21, Category: Baking Tools
Enter password: No need to insert product; URL already exists.
Enter password: Enter password: Inserting data into the table trackdetails
Error inserting into trackdetails: Enter password: 
Enter password: Inserting data into the table productdetails
Error inserting into productdetails: Enter password: 
Web data successfully fetched and saved to 11pcs-foodgrade-silicone-kitch_page.html
Parsed Data: Product: 11pcs-foodgrade-silicone-kitch, Price: RM7.90, Stock: 21, Category: Baking Tools
Manipulated Data: Product: 11pcs-foodgrade-silicone-kitch, Price: RM7.90, Stock: 21, Category: Baking Tools
Enter password: No need to insert product; URL already exists.
Enter password: Enter password: Inserting data into the table trackdetails
Error inserting into trackdetails: Enter password: 
Enter password: Inserting data into the table productdetails
Error inserting into productdetails: Enter password: 
Web data successfully fetched and saved to 11pcs-foodgrade-silicone-kitch_page.html
Parsed Data: Product: 11pcs-foodgrade-silicone-kitch, Price: RM7.90, Stock: 21, Category: Baking Tools
Manipulated Data: Product: 11pcs-foodgrade-silicone-kitch, Price: RM7.90, Stock: 21, Category: Baking Tools
Enter password: No need to insert product; URL already exists.
Enter password: Enter password: Inserting data into the table trackdetails
Error inserting into trackdetails: Enter password: 
Enter password: Inserting data into the table productdetails
Error inserting into productdetails: Enter password: 
Web data successfully fetched and saved to 11pcs-foodgrade-silicone-kitch_page.html
Parsed Data: Product: 11pcs-foodgrade-silicone-kitch, Price: RM7.90, Stock: 21, Category: Baking Tools
Manipulated Data: Product: 11pcs-foodgrade-silicone-kitch, Price: RM7.90, Stock: 21, Category: Baking Tools
Enter password: Enter password: Enter password: Inserting data into the table products
Error inserting into products: Enter password: 
Enter password: Inserting data into the table trackdetails
Error inserting into trackdetails: Enter password: 
Enter password: Inserting data into the table productdetails
Error inserting into productdetails: Enter password: 
Web data successfully fetched and saved to super-clean-gel-compound-clean_page.html
Parsed Data: Product: super-clean-gel-compound-clean, Price: RM3.00, Stock: 437, Category: Home Care / Household / Organizer
Manipulated Data: Product: super-clean-gel-compound-clean, Price: RM3.00, Stock: 437, Category: Home Care / Household / Organizer
Enter password: Enter password: Enter password: Inserting data into the table products
Error inserting into products: Enter password: 
Enter password: Inserting data into the table trackdetails
Error inserting into trackdetails: Enter password: 
Enter password: Inserting data into the table productdetails
Error inserting into productdetails: Enter password: 
Web data successfully fetched and saved to dish-wash-pure-colour-pad-2-pc_page.html
Parsed Data: Product: dish-wash-pure-colour-pad-2-pc, Price: RM4.00, Stock: 5, Category: Kitchenware &amp; Tools
Manipulated Data: Product: dish-wash-pure-colour-pad-2-pc, Price: RM4.00, Stock: 5, Category: Kitchenware &amp; Tools
Enter password: Enter password: Enter password: Inserting data into the table products
Error inserting into products: Enter password: 
Enter password: Inserting data into the table trackdetails
Error inserting into trackdetails: Enter password: 
Enter password: Inserting data into the table productdetails
Error inserting into productdetails: Enter password: 
Web data successfully fetched and saved to creative-desktop-shake-lid-min_page.html
Parsed Data: Product: creative-desktop-shake-lid-min, Price: RM6.60, Stock: 10, Category: Home Care / Household / Organizer
Manipulated Data: Product: creative-desktop-shake-lid-min, Price: RM6.60, Stock: 10, Category: Home Care / Household / Organizer
Enter password: Enter password: Enter password: Inserting data into the table products
Error inserting into products: Enter password: 
Enter password: Inserting data into the table trackdetails
Error inserting into trackdetails: Enter password: 
Enter password: Inserting data into the table productdetails
Error inserting into productdetails: Enter password: 
Web data successfully fetched and saved to kitchen-knife-3pcs-set-fruit-k_page.html
Parsed Data: Product: kitchen-knife-3pcs-set-fruit-k, Price: RM5.00, Stock: 9, Category: Kitchenware &amp; Tools
Manipulated Data: Product: kitchen-knife-3pcs-set-fruit-k, Price: RM5.00, Stock: 9, Category: Kitchenware &amp; Tools
Enter password: Enter password: Enter password: Inserting data into the table products
Error inserting into products: Enter password: 
Enter password: Inserting data into the table trackdetails
Error inserting into trackdetails: Enter password: 
Enter password: Inserting data into the table productdetails
Error inserting into productdetails: Enter password: 
Web data successfully fetched and saved to 11pcs-foodgrade-silicone-kitch_page.html
Parsed Data: Product: 11pcs-foodgrade-silicone-kitch, Price: RM7.90, Stock: 21, Category: Baking Tools
Manipulated Data: Product: 11pcs-foodgrade-silicone-kitch, Price: RM7.90, Stock: 21, Category: Baking Tools
Enter password: No need to insert product; URL already exists.
Enter password: Enter password: Inserting data into the table trackdetails
Error inserting into trackdetails: Enter password: 
Enter password: Inserting data into the table productdetails
Error inserting into productdetails: Enter password: 
Web data successfully fetched and saved to super-clean-gel-compound-clean_page.html
Parsed Data: Product: super-clean-gel-compound-clean, Price: RM3.00, Stock: 437, Category: Home Care / Household / Organizer
Manipulated Data: Product: super-clean-gel-compound-clean, Price: RM3.00, Stock: 437, Category: Home Care / Household / Organizer
Enter password: No need to insert product; URL already exists.
Enter password: Enter password: Inserting data into the table trackdetails
Error inserting into trackdetails: Enter password: 
Enter password: Inserting data into the table productdetails
Error inserting into productdetails: Enter password: 
Web data successfully fetched and saved to dish-wash-pure-colour-pad-2-pc_page.html
Parsed Data: Product: dish-wash-pure-colour-pad-2-pc, Price: RM4.00, Stock: 5, Category: Kitchenware &amp; Tools
Manipulated Data: Product: dish-wash-pure-colour-pad-2-pc, Price: RM4.00, Stock: 5, Category: Kitchenware &amp; Tools
Enter password: No need to insert product; URL already exists.
Enter password: Enter password: Inserting data into the table trackdetails
Error inserting into trackdetails: Enter password: 
Enter password: Inserting data into the table productdetails
Error inserting into productdetails: Enter password: 
Web data successfully fetched and saved to creative-desktop-shake-lid-min_page.html
Parsed Data: Product: creative-desktop-shake-lid-min, Price: RM6.60, Stock: 10, Category: Home Care / Household / Organizer
Manipulated Data: Product: creative-desktop-shake-lid-min, Price: RM6.60, Stock: 10, Category: Home Care / Household / Organizer
Enter password: No need to insert product; URL already exists.
Enter password: Enter password: Inserting data into the table trackdetails
Error inserting into trackdetails: Enter password: 
Enter password: Inserting data into the table productdetails
Error inserting into productdetails: Enter password: 
Web data successfully fetched and saved to kitchen-knife-3pcs-set-fruit-k_page.html
Parsed Data: Product: kitchen-knife-3pcs-set-fruit-k, Price: RM5.00, Stock: 9, Category: Kitchenware &amp; Tools
Manipulated Data: Product: kitchen-knife-3pcs-set-fruit-k, Price: RM5.00, Stock: 9, Category: Kitchenware &amp; Tools
Enter password: No need to insert product; URL already exists.
Enter password: Enter password: Inserting data into the table trackdetails
Error inserting into trackdetails: Enter password: 
Enter password: Inserting data into the table productdetails
Error inserting into productdetails: Enter password: 
Web data successfully fetched and saved to 11pcs-foodgrade-silicone-kitch_page.html
Parsed Data: Product: 11pcs-foodgrade-silicone-kitch, Price: RM7.90, Stock: 21, Category: Baking Tools
Manipulated Data: Product: 11pcs-foodgrade-silicone-kitch, Price: RM7.90, Stock: 21, Category: Baking Tools
Enter password: No need to insert product; URL already exists.
Enter password: Enter password: Inserting data into the table trackdetails
Error inserting into trackdetails: Enter password: 
Enter password: Inserting data into the table productdetails
Error inserting into productdetails: Enter password: 
Web data successfully fetched and saved to super-clean-gel-compound-clean_page.html
Parsed Data: Product: super-clean-gel-compound-clean, Price: RM3.00, Stock: 437, Category: Home Care / Household / Organizer
Manipulated Data: Product: super-clean-gel-compound-clean, Price: RM3.00, Stock: 437, Category: Home Care / Household / Organizer
Enter password: No need to insert product; URL already exists.
Enter password: Enter password: Inserting data into the table trackdetails
Error inserting into trackdetails: Enter password: 
Enter password: Inserting data into the table productdetails
Error inserting into productdetails: Enter password: 
Web data successfully fetched and saved to dish-wash-pure-colour-pad-2-pc_page.html
Parsed Data: Product: dish-wash-pure-colour-pad-2-pc, Price: RM4.00, Stock: 5, Category: Kitchenware &amp; Tools
Manipulated Data: Product: dish-wash-pure-colour-pad-2-pc, Price: RM4.00, Stock: 5, Category: Kitchenware &amp; Tools
Enter password: No need to insert product; URL already exists.
Enter password: Enter password: Inserting data into the table trackdetails
Error inserting into trackdetails: Enter password: 
Enter password: Inserting data into the table productdetails
Error inserting into productdetails: Enter password: 
Web data successfully fetched and saved to creative-desktop-shake-lid-min_page.html
Parsed Data: Product: creative-desktop-shake-lid-min, Price: RM6.60, Stock: 10, Category: Home Care / Household / Organizer
Manipulated Data: Product: creative-desktop-shake-lid-min, Price: RM6.60, Stock: 10, Category: Home Care / Household / Organizer
Enter password: No need to insert product; URL already exists.
Enter password: Enter password: Inserting data into the table trackdetails
Error inserting into trackdetails: Enter password: 
Enter password: Inserting data into the table productdetails
Error inserting into productdetails: Enter password: 
Web data successfully fetched and saved to kitchen-knife-3pcs-set-fruit-k_page.html
Parsed Data: Product: kitchen-knife-3pcs-set-fruit-k, Price: RM5.00, Stock: 9, Category: Kitchenware &amp; Tools
Manipulated Data: Product: kitchen-knife-3pcs-set-fruit-k, Price: RM5.00, Stock: 9, Category: Kitchenware &amp; Tools
Enter password: No need to insert product; URL already exists.
Enter password: Enter password: Inserting data into the table trackdetails
Error inserting into trackdetails: Enter password: 
Enter password: Inserting data into the table productdetails
Error inserting into productdetails: Enter password: 
Web data successfully fetched and saved to 11pcs-foodgrade-silicone-kitch_page.html
Parsed Data: Product: 11pcs-foodgrade-silicone-kitch, Price: RM7.90, Stock: 21, Category: Baking Tools
Manipulated Data: Product: 11pcs-foodgrade-silicone-kitch, Price: RM7.90, Stock: 21, Category: Baking Tools
Enter password: No need to insert product; URL already exists.
Enter password: Enter password: Inserting data into the table trackdetails
Error inserting into trackdetails: Enter password: 
Enter password: Inserting data into the table productdetails
Error inserting into productdetails: Enter password: 
Web data successfully fetched and saved to super-clean-gel-compound-clean_page.html
Parsed Data: Product: super-clean-gel-compound-clean, Price: RM3.00, Stock: 437, Category: Home Care / Household / Organizer
Manipulated Data: Product: super-clean-gel-compound-clean, Price: RM3.00, Stock: 437, Category: Home Care / Household / Organizer
Enter password: No need to insert product; URL already exists.
Enter password: Enter password: Inserting data into the table trackdetails
Error inserting into trackdetails: Enter password: 
Enter password: Inserting data into the table productdetails
Error inserting into productdetails: Enter password: 
Web data successfully fetched and saved to dish-wash-pure-colour-pad-2-pc_page.html
Parsed Data: Product: dish-wash-pure-colour-pad-2-pc, Price: RM4.00, Stock: 5, Category: Kitchenware &amp; Tools
Manipulated Data: Product: dish-wash-pure-colour-pad-2-pc, Price: RM4.00, Stock: 5, Category: Kitchenware &amp; Tools
Enter password: No need to insert product; URL already exists.
Enter password: Enter password: Inserting data into the table trackdetails
Error inserting into trackdetails: Enter password: 
Enter password: Inserting data into the table productdetails
Error inserting into productdetails: Enter password: 
Web data successfully fetched and saved to creative-desktop-shake-lid-min_page.html
Parsed Data: Product: creative-desktop-shake-lid-min, Price: RM6.60, Stock: 10, Category: Home Care / Household / Organizer
Manipulated Data: Product: creative-desktop-shake-lid-min, Price: RM6.60, Stock: 10, Category: Home Care / Household / Organizer
Enter password: No need to insert product; URL already exists.
Enter password: Enter password: Inserting data into the table trackdetails
Error inserting into trackdetails: Enter password: 
Enter password: Inserting data into the table productdetails
Error inserting into productdetails: Enter password: 
Web data successfully fetched and saved to kitchen-knife-3pcs-set-fruit-k_page.html
Parsed Data: Product: kitchen-knife-3pcs-set-fruit-k, Price: RM5.00, Stock: 9, Category: Kitchenware &amp; Tools
Manipulated Data: Product: kitchen-knife-3pcs-set-fruit-k, Price: RM5.00, Stock: 9, Category: Kitchenware &amp; Tools
Enter password: No need to insert product; URL already exists.
Enter password: Enter password: Inserting data into the table trackdetails
Error inserting into trackdetails: Enter password: 
Enter password: Inserting data into the table productdetails
Error inserting into productdetails: Enter password: 
Web data successfully fetched and saved to 11pcs-foodgrade-silicone-kitch_page.html
Parsed Data: Product: 11pcs-foodgrade-silicone-kitch, Price: RM7.90, Stock: 21, Category: Baking Tools
Manipulated Data: Product: 11pcs-foodgrade-silicone-kitch, Price: RM7.90, Stock: 21, Category: Baking Tools
Enter password: No need to insert product; URL already exists.
Enter password: Enter password: Inserting data into the table trackdetails
Error inserting into trackdetails: Enter password: 
Enter password: Inserting data into the table productdetails
Error inserting into productdetails: Enter password: 
Web data successfully fetched and saved to super-clean-gel-compound-clean_page.html
Parsed Data: Product: super-clean-gel-compound-clean, Price: RM3.00, Stock: 437, Category: Home Care / Household / Organizer
Manipulated Data: Product: super-clean-gel-compound-clean, Price: RM3.00, Stock: 437, Category: Home Care / Household / Organizer
Enter password: No need to insert product; URL already exists.
Enter password: Enter password: Inserting data into the table trackdetails
Error inserting into trackdetails: Enter password: 
Enter password: Inserting data into the table productdetails
Error inserting into productdetails: Enter password: 
Web data successfully fetched and saved to dish-wash-pure-colour-pad-2-pc_page.html
Parsed Data: Product: dish-wash-pure-colour-pad-2-pc, Price: RM4.00, Stock: 5, Category: Kitchenware &amp; Tools
Manipulated Data: Product: dish-wash-pure-colour-pad-2-pc, Price: RM4.00, Stock: 5, Category: Kitchenware &amp; Tools
Enter password: No need to insert product; URL already exists.
Enter password: Enter password: Inserting data into the table trackdetails
Error inserting into trackdetails: Enter password: 
Enter password: Inserting data into the table productdetails
Error inserting into productdetails: Enter password: 
Web data successfully fetched and saved to creative-desktop-shake-lid-min_page.html
Parsed Data: Product: creative-desktop-shake-lid-min, Price: RM6.60, Stock: 10, Category: Home Care / Household / Organizer
Manipulated Data: Product: creative-desktop-shake-lid-min, Price: RM6.60, Stock: 10, Category: Home Care / Household / Organizer
Enter password: No need to insert product; URL already exists.
Enter password: Enter password: Inserting data into the table trackdetails
Error inserting into trackdetails: Enter password: 
Enter password: Inserting data into the table productdetails
Error inserting into productdetails: Enter password: 
Web data successfully fetched and saved to kitchen-knife-3pcs-set-fruit-k_page.html
Parsed Data: Product: kitchen-knife-3pcs-set-fruit-k, Price: RM5.00, Stock: 9, Category: Kitchenware &amp; Tools
Manipulated Data: Product: kitchen-knife-3pcs-set-fruit-k, Price: RM5.00, Stock: 9, Category: Kitchenware &amp; Tools
Enter password: No need to insert product; URL already exists.
Enter password: Enter password: Inserting data into the table trackdetails
Error inserting into trackdetails: Enter password: 
Enter password: Inserting data into the table productdetails
Error inserting into productdetails: Enter password: 
Web data successfully fetched and saved to 11pcs-foodgrade-silicone-kitch_page.html
Parsed Data: Product: 11pcs-foodgrade-silicone-kitch, Price: RM7.90, Stock: 21, Category: Baking Tools
Manipulated Data: Product: 11pcs-foodgrade-silicone-kitch, Price: RM7.90, Stock: 21, Category: Baking Tools
Enter password: No need to insert product; URL already exists.
Enter password: Enter password: Inserting data into the table trackdetails
Error inserting into trackdetails: Enter password: 
Enter password: Inserting data into the table productdetails
Error inserting into productdetails: Enter password: 
Web data successfully fetched and saved to super-clean-gel-compound-clean_page.html
Parsed Data: Product: super-clean-gel-compound-clean, Price: RM3.00, Stock: 437, Category: Home Care / Household / Organizer
Manipulated Data: Product: super-clean-gel-compound-clean, Price: RM3.00, Stock: 437, Category: Home Care / Household / Organizer
Enter password: No need to insert product; URL already exists.
Enter password: Enter password: Inserting data into the table trackdetails
Error inserting into trackdetails: Enter password: 
Enter password: Inserting data into the table productdetails
Error inserting into productdetails: Enter password: 
Web data successfully fetched and saved to dish-wash-pure-colour-pad-2-pc_page.html
Parsed Data: Product: dish-wash-pure-colour-pad-2-pc, Price: RM4.00, Stock: 5, Category: Kitchenware &amp; Tools
Manipulated Data: Product: dish-wash-pure-colour-pad-2-pc, Price: RM4.00, Stock: 5, Category: Kitchenware &amp; Tools
Enter password: No need to insert product; URL already exists.
Enter password: Enter password: Inserting data into the table trackdetails
Error inserting into trackdetails: Enter password: 
Enter password: Inserting data into the table productdetails
Error inserting into productdetails: Enter password: 
Web data successfully fetched and saved to creative-desktop-shake-lid-min_page.html
Parsed Data: Product: creative-desktop-shake-lid-min, Price: RM6.60, Stock: 10, Category: Home Care / Household / Organizer
Manipulated Data: Product: creative-desktop-shake-lid-min, Price: RM6.60, Stock: 10, Category: Home Care / Household / Organizer
Enter password: No need to insert product; URL already exists.
Enter password: Enter password: Inserting data into the table trackdetails
Error inserting into trackdetails: Enter password: 
Enter password: Inserting data into the table productdetails
Error inserting into productdetails: Enter password: 
Web data successfully fetched and saved to kitchen-knife-3pcs-set-fruit-k_page.html
Parsed Data: Product: kitchen-knife-3pcs-set-fruit-k, Price: RM5.00, Stock: 9, Category: Kitchenware &amp; Tools
Manipulated Data: Product: kitchen-knife-3pcs-set-fruit-k, Price: RM5.00, Stock: 9, Category: Kitchenware &amp; Tools
Enter password: No need to insert product; URL already exists.
Enter password: Enter password: Inserting data into the table trackdetails
Error inserting into trackdetails: Enter password: 
Enter password: Inserting data into the table productdetails
Error inserting into productdetails: Enter password: 
Web data successfully fetched and saved to 11pcs-foodgrade-silicone-kitch_page.html
Parsed Data: Product: 11pcs-foodgrade-silicone-kitch, Price: RM7.90, Stock: 21, Category: Baking Tools
Manipulated Data: Product: 11pcs-foodgrade-silicone-kitch, Price: RM7.90, Stock: 21, Category: Baking Tools
Enter password: No need to insert product; URL already exists.
Enter password: Enter password: Inserting data into the table trackdetails
Error inserting into trackdetails: Enter password: 
Enter password: Inserting data into the table productdetails
Error inserting into productdetails: Enter password: 
Web data successfully fetched and saved to super-clean-gel-compound-clean_page.html
Parsed Data: Product: super-clean-gel-compound-clean, Price: RM3.00, Stock: 437, Category: Home Care / Household / Organizer
Manipulated Data: Product: super-clean-gel-compound-clean, Price: RM3.00, Stock: 437, Category: Home Care / Household / Organizer
Enter password: No need to insert product; URL already exists.
Enter password: Enter password: Inserting data into the table trackdetails
Error inserting into trackdetails: Enter password: 
Enter password: Inserting data into the table productdetails
Error inserting into productdetails: Enter password: 
Web data successfully fetched and saved to dish-wash-pure-colour-pad-2-pc_page.html
Parsed Data: Product: dish-wash-pure-colour-pad-2-pc, Price: RM4.00, Stock: 5, Category: Kitchenware &amp; Tools
Manipulated Data: Product: dish-wash-pure-colour-pad-2-pc, Price: RM4.00, Stock: 5, Category: Kitchenware &amp; Tools
Enter password: No need to insert product; URL already exists.
Enter password: Enter password: Inserting data into the table trackdetails
Error inserting into trackdetails: Enter password: 
Enter password: Inserting data into the table productdetails
Error inserting into productdetails: Enter password: 
Web data successfully fetched and saved to creative-desktop-shake-lid-min_page.html
Parsed Data: Product: creative-desktop-shake-lid-min, Price: RM6.60, Stock: 10, Category: Home Care / Household / Organizer
Manipulated Data: Product: creative-desktop-shake-lid-min, Price: RM6.60, Stock: 10, Category: Home Care / Household / Organizer
Enter password: No need to insert product; URL already exists.
Enter password: Enter password: Inserting data into the table trackdetails
Error inserting into trackdetails: Enter password: 
Enter password: Inserting data into the table productdetails
Error inserting into productdetails: Enter password: 
Web data successfully fetched and saved to kitchen-knife-3pcs-set-fruit-k_page.html
Parsed Data: Product: kitchen-knife-3pcs-set-fruit-k, Price: RM5.00, Stock: 9, Category: Kitchenware &amp; Tools
Manipulated Data: Product: kitchen-knife-3pcs-set-fruit-k, Price: RM5.00, Stock: 9, Category: Kitchenware &amp; Tools
Enter password: No need to insert product; URL already exists.
Enter password: Enter password: Inserting data into the table trackdetails
Error inserting into trackdetails: Enter password: 
Enter password: Inserting data into the table productdetails
Error inserting into productdetails: Enter password: 
Web data successfully fetched and saved to 11pcs-foodgrade-silicone-kitch_page.html
Parsed Data: Product: 11pcs-foodgrade-silicone-kitch, Price: RM7.90, Stock: 21, Category: Baking Tools
Manipulated Data: Product: 11pcs-foodgrade-silicone-kitch, Price: RM7.90, Stock: 21, Category: Baking Tools
Enter password: Enter password: Enter password: Inserting data into the table products
Error inserting into products: Enter password: 
Enter password: Inserting data into the table trackdetails
Error inserting into trackdetails: Enter password: 
Enter password: Inserting data into the table productdetails
Error inserting into productdetails: Enter password: 
Web data successfully fetched and saved to super-clean-gel-compound-clean_page.html
Parsed Data: Product: super-clean-gel-compound-clean, Price: RM3.00, Stock: 437, Category: Home Care / Household / Organizer
Manipulated Data: Product: super-clean-gel-compound-clean, Price: RM3.00, Stock: 437, Category: Home Care / Household / Organizer
Enter password: Enter password: Enter password: Inserting data into the table products
Error inserting into products: Enter password: 
Enter password: Inserting data into the table trackdetails
Error inserting into trackdetails: Enter password: 
Enter password: Inserting data into the table productdetails
Error inserting into productdetails: Enter password: 
Web data successfully fetched and saved to dish-wash-pure-colour-pad-2-pc_page.html
Parsed Data: Product: dish-wash-pure-colour-pad-2-pc, Price: RM4.00, Stock: 5, Category: Kitchenware &amp; Tools
Manipulated Data: Product: dish-wash-pure-colour-pad-2-pc, Price: RM4.00, Stock: 5, Category: Kitchenware &amp; Tools
Enter password: Enter password: Enter password: Inserting data into the table products
Error inserting into products: Enter password: 
Enter password: Inserting data into the table trackdetails
Error inserting into trackdetails: Enter password: 
Enter password: Inserting data into the table productdetails
Error inserting into productdetails: Enter password: 
Web data successfully fetched and saved to creative-desktop-shake-lid-min_page.html
Parsed Data: Product: creative-desktop-shake-lid-min, Price: RM6.60, Stock: 10, Category: Home Care / Household / Organizer
Manipulated Data: Product: creative-desktop-shake-lid-min, Price: RM6.60, Stock: 10, Category: Home Care / Household / Organizer
Enter password: Enter password: Enter password: Inserting data into the table products
Error inserting into products: Enter password: 
Enter password: Inserting data into the table trackdetails
Error inserting into trackdetails: Enter password: 
Enter password: Inserting data into the table productdetails
Error inserting into productdetails: Enter password: 
Web data successfully fetched and saved to kitchen-knife-3pcs-set-fruit-k_page.html
Parsed Data: Product: kitchen-knife-3pcs-set-fruit-k, Price: RM5.00, Stock: 9, Category: Kitchenware &amp; Tools
Manipulated Data: Product: kitchen-knife-3pcs-set-fruit-k, Price: RM5.00, Stock: 9, Category: Kitchenware &amp; Tools
Enter password: Enter password: Enter password: Inserting data into the table products
Error inserting into products: Enter password: 
Enter password: Inserting data into the table trackdetails
Error inserting into trackdetails: Enter password: 
Enter password: Inserting data into the table productdetails
Error inserting into productdetails: Enter password: 
